<?xml version="1.0" encoding="UTF-8"?>
<testng-results ignored="0" total="2" passed="2" failed="0" skipped="0">
  <reporter-output>
  </reporter-output>
  <suite started-at="2023-12-18T23:20:08 IST" name="Suite" finished-at="2023-12-18T23:20:46 IST" duration-ms="38171">
    <groups>
    </groups>
    <test started-at="2023-12-18T23:20:08 IST" name="Test" finished-at="2023-12-18T23:20:46 IST" duration-ms="38171">
      <class name="test.LoginTest">
        <test-method is-config="true" signature="openApplication()[pri:0, instance:test.LoginTest@42e99e4a]" started-at="2023-12-18T23:20:08 IST" name="openApplication" finished-at="2023-12-18T23:20:11 IST" duration-ms="2995" status="PASS">
          <reporter-output>
          </reporter-output>
        </test-method> <!-- openApplication -->
        <test-method signature="login(java.lang.String,java.lang.String,java.lang.String)[pri:0, instance:test.LoginTest@42e99e4a]" started-at="2023-12-18T23:20:11 IST" name="login" data-provider="getData" finished-at="2023-12-18T23:20:22 IST" duration-ms="11315" status="PASS">
          <params>
            <param index="0">
              <value>
                <![CDATA[debupadhy2121@gmail.com]]>
              </value>
            </param>
            <param index="1">
              <value>
                <![CDATA[Deba123@]]>
              </value>
            </param>
            <param index="2">
              <value>
                <![CDATA[Success]]>
              </value>
            </param>
          </params>
          <reporter-output>
          </reporter-output>
        </test-method> <!-- login -->
        <test-method is-config="true" signature="closure()[pri:0, instance:test.LoginTest@42e99e4a]" started-at="2023-12-18T23:20:22 IST" name="closure" finished-at="2023-12-18T23:20:22 IST" duration-ms="127" status="PASS">
          <reporter-output>
          </reporter-output>
        </test-method> <!-- closure -->
        <test-method is-config="true" signature="openApplication()[pri:0, instance:test.LoginTest@42e99e4a]" started-at="2023-12-18T23:20:22 IST" name="openApplication" finished-at="2023-12-18T23:20:24 IST" duration-ms="2232" status="PASS">
          <reporter-output>
          </reporter-output>
        </test-method> <!-- openApplication -->
        <test-method signature="login(java.lang.String,java.lang.String,java.lang.String)[pri:0, instance:test.LoginTest@42e99e4a]" started-at="2023-12-18T23:20:24 IST" name="login" data-provider="getData" finished-at="2023-12-18T23:20:46 IST" duration-ms="21329" status="PASS">
          <params>
            <param index="0">
              <value>
                <![CDATA[dummy@123gmail.com]]>
              </value>
            </param>
            <param index="1">
              <value>
                <![CDATA[12345]]>
              </value>
            </param>
            <param index="2">
              <value>
                <![CDATA[fail]]>
              </value>
            </param>
          </params>
          <reporter-output>
          </reporter-output>
        </test-method> <!-- login -->
        <test-method is-config="true" signature="closure()[pri:0, instance:test.LoginTest@42e99e4a]" started-at="2023-12-18T23:20:46 IST" name="closure" finished-at="2023-12-18T23:20:46 IST" duration-ms="132" status="PASS">
          <reporter-output>
          </reporter-output>
        </test-method> <!-- closure -->
      </class> <!-- test.LoginTest -->
    </test> <!-- Test -->
  </suite> <!-- Suite -->
</testng-results>
